<?xml version="1.0" encoding="UTF-8"?>
<!-- Generated by org.testng.reporters.JUnitXMLReporter -->
<testsuite hostname="WIN-NFDCINOH1RK" ignored="0" name="Test" tests="3" failures="0" timestamp="2020-02-06T06:57:26 UTC" time="0.125" errors="0">
  <testcase name="primeMembership" time="0.015" classname="demoJava.NewTest222"/>
  <testcase name="renewal" time="0.0" classname="demoJava.NewTest222"/>
  <testcase name="termination" time="0.0" classname="demoJava.NewTest222"/>
</testsuite> <!-- Test -->
